SMFC 01 enter
SMFC 02 CheckDeviceCaps ok
SMFC 03 about to SetMode
SetMode enter 1280x1024 bpp=32 fs=1
SetMode FillPresent OK, about to ResetDevice
ResetDevice enter bDeviceCreated=0
ResetDevice: injecting facade
ResetDevice: facade injected 12070C78
ResetDevice: facade pPp w=1280 h=1024, calling Reset
  D3D9Facade::Reset -> bgfx::reset(1280,1024)
ResetDevice: about to CreateQuery VCACHE
ResetDevice: CreateQuery hr=0x00000000 pQ=1774FD48
ResetDevice: VCACHE done, SetWindowPos
ResetDevice: about to InitDXObjects (hr=0x00000000)
InitDXObjects: about to InitZBuffer
InitDXObjects: InitZBuffer ok, InitBuffers
InitBuffers: about to textureCache.Init
InitBuffers: textureCache ok, transparentCache
InitBuffers: transparentCache ok, rtInfo loops
InitBuffers: rtInfo loops ok, sysTextures
  CSysTexture: CreateTexture fmt=21
  CSysTexture: CreateTexture hr=0x00000000 pTex=04603470
  CSysTexture: GetSurfaceLevel hr=0x00000000
  CSysTexture: CreateTexture fmt=21
  CSysTexture: CreateTexture hr=0x00000000 pTex=046034E8
  CSysTexture: GetSurfaceLevel hr=0x00000000
InitBuffers: sysTextures ok, geometry caches
InitBuffers: geometry caches ok, dynamicTris
InitBuffers: complete
InitDXObjects: InitBuffers ok, InitRender
InitDXObjects: InitRender hr=0x00000000
ResetDevice: InitDXObjects ret hr=0x00000000
SetMode ResetDevice hr=0x00000000
SMFC 04 SetMode true
SMFC 07 returning
