CInterface::Draw #0 pView=18290E68
CInterface::Draw #0 StartNewFrame ok, CWindow::Draw
CWindow::Draw #0 this=17F9DEC8
CWindow::Draw #0 2 children
CWindow::Draw #0 child[0]=11842288 Draw
CWindow::Draw #1 this=11842288
CWindow::Draw #1 6 children
CInterface::Draw #0 CWindow::Draw ok, NonPublicDemo->Draw
CTextDraw::Draw #0 enter pText=00000000
CTextDraw::Draw #0 pView->CreateText
CTextDraw::Draw #0 CreateText returned 0589A5A8
CTextDraw::Draw #0 CreateDynamicRects (r42 SEH-guarded)
C2DGV::CreateDynRects #0 pText=0589A5A8
C2DGV::CreateDynRects #0 rectLayouts.size=3
C2DGV::CreateDynRects #0 iter=0 pFontInfo=12736C48
CTextDraw::Draw SEH at CreateDynamicRects #1
CTextDraw::Draw #0 CreateDynamicRects done
CInterface::Draw #0 NPD->Draw ok, FPS
CTextDraw::Draw #1 enter pText=00000000
CTextDraw::Draw #1 pView->CreateText
CTextDraw::Draw #1 CreateText returned 0589A0D0
CTextDraw::Draw #1 CreateDynamicRects (r42 SEH-guarded)
C2DGV::CreateDynRects #1 pText=0589A0D0
C2DGV::CreateDynRects #1 rectLayouts.size=0
CTextDraw::Draw #1 CreateDynamicRects done
CInterface::Draw #0 cursor ok, Flush
CInterface::Draw #0 Flush ok
CInterface::Draw #1 pView=18290E68
CInterface::Draw #1 StartNewFrame ok, CWindow::Draw
CWindow::Draw #2 this=17F9DEC8
CWindow::Draw #2 2 children
CWindow::Draw #1 child[0]=11842288 Draw
CWindow::Draw #3 this=11842288
CWindow::Draw #3 6 children
CInterface::Draw #1 CWindow::Draw ok, NonPublicDemo->Draw
CTextDraw::Draw #2 enter pText=0589A5A8
CTextDraw::Draw #2 CreateDynamicRects (r42 SEH-guarded)
C2DGV::CreateDynRects #2 pText=0589A5A8
C2DGV::CreateDynRects #2 rectLayouts.size=3
C2DGV::CreateDynRects #1 iter=0 pFontInfo=12736C48
C2DGV::CreateDynRects #2 iter=1 pFontInfo=12736C48
C2DGV::CreateDynRects #3 iter=2 pFontInfo=12736C48
CTextDraw::Draw #2 CreateDynamicRects done
CInterface::Draw #1 NPD->Draw ok, FPS
CInterface::Draw #1 cursor ok, Flush
CInterface::Draw #1 Flush ok
CWindow::Draw #4 this=17F9DEC8
CWindow::Draw #4 2 children
CWindow::Draw #2 child[0]=11842288 Draw
C2DGV::CreateDynRects #4 iter=0 pFontInfo=12736C48
C2DGV::CreateDynRects #5 iter=1 pFontInfo=12736C48
CWindow::Draw #3 child[0]=11842288 Draw
CWindow::Draw #4 child[0]=11842288 Draw
CWindow::Draw #5 child[0]=11842288 Draw
CWindow::Draw #6 child[0]=11842288 Draw
CWindow::Draw #7 child[0]=11842288 Draw
CTextDraw::Draw #2 pView->CreateText
CTextDraw::Draw #2 CreateText returned 05899720
CInterface::Draw #0 pView=180AEA38
CInterface::Draw #0 StartNewFrame ok, CWindow::Draw
CWindow::Draw #0 this=17D7E058
CWindow::Draw #0 2 children
CWindow::Draw #0 child[0]=116DA9D8 Draw
CWindow::Draw #1 this=116DA9D8
CWindow::Draw #1 6 children
CInterface::Draw #0 CWindow::Draw ok, NonPublicDemo->Draw
CTextDraw::Draw #0 enter pText=00000000
CTextDraw::Draw #0 pView->CreateText
CTextDraw::Draw #0 CreateText returned 177104B0
CTextDraw::Draw #0 CreateDynamicRects (r42 SEH-guarded)
C2DGV::CreateDynRects #0 pText=177104B0
C2DGV::CreateDynRects #0 rectLayouts.size=3
C2DGV::CreateDynRects #0 iter=0 pFontInfo=12603DD0
CTextDraw::Draw SEH at CreateDynamicRects #1
CTextDraw::Draw #0 CreateDynamicRects done
CInterface::Draw #0 NPD->Draw ok, FPS
CTextDraw::Draw #1 enter pText=00000000
CTextDraw::Draw #1 pView->CreateText
CTextDraw::Draw #1 CreateText returned 17710F58
CTextDraw::Draw #1 CreateDynamicRects (r42 SEH-guarded)
C2DGV::CreateDynRects #1 pText=17710F58
C2DGV::CreateDynRects #1 rectLayouts.size=0
CTextDraw::Draw #1 CreateDynamicRects done
CInterface::Draw #0 cursor ok, Flush
CInterface::Draw #0 Flush ok
CInterface::Draw #1 pView=180AEA38
CInterface::Draw #1 StartNewFrame ok, CWindow::Draw
CWindow::Draw #2 this=17D7E058
CWindow::Draw #2 2 children
CWindow::Draw #1 child[0]=116DA9D8 Draw
CWindow::Draw #3 this=116DA9D8
CWindow::Draw #3 6 children
CInterface::Draw #1 CWindow::Draw ok, NonPublicDemo->Draw
CTextDraw::Draw #2 enter pText=177104B0
CTextDraw::Draw #2 CreateDynamicRects (r42 SEH-guarded)
C2DGV::CreateDynRects #2 pText=177104B0
C2DGV::CreateDynRects #2 rectLayouts.size=3
C2DGV::CreateDynRects #1 iter=0 pFontInfo=12603DD0
C2DGV::CreateDynRects #2 iter=1 pFontInfo=12603DD0
C2DGV::CreateDynRects #3 iter=2 pFontInfo=12603DD0
CTextDraw::Draw #2 CreateDynamicRects done
CInterface::Draw #1 NPD->Draw ok, FPS
CInterface::Draw #1 cursor ok, Flush
CInterface::Draw #1 Flush ok
CWindow::Draw #4 this=17D7E058
CWindow::Draw #4 2 children
CWindow::Draw #2 child[0]=116DA9D8 Draw
C2DGV::CreateDynRects #4 iter=0 pFontInfo=12603DD0
C2DGV::CreateDynRects #5 iter=1 pFontInfo=12603DD0
CWindow::Draw #3 child[0]=116DA9D8 Draw
CWindow::Draw #4 child[0]=116DA9D8 Draw
CWindow::Draw #5 child[0]=116DA9D8 Draw
CWindow::Draw #6 child[0]=116DA9D8 Draw
CWindow::Draw #7 child[0]=116DA9D8 Draw
CTextDraw::Draw #2 pView->CreateText
CTextDraw::Draw #2 CreateText returned 177105A8
CInterface::Draw #0 pView=178BC120
CInterface::Draw #0 StartNewFrame ok, CWindow::Draw
CWindow::Draw #0 this=175F7800
CWindow::Draw #0 2 children
CWindow::Draw #0 child[0]=1103DE40 Draw
CWindow::Draw #1 this=1103DE40
CWindow::Draw #1 6 children
CInterface::Draw #0 CWindow::Draw ok, NonPublicDemo->Draw
CTextDraw::Draw #0 enter pText=00000000
CTextDraw::Draw #0 pView->CreateText
CTextDraw::Draw #0 CreateText returned 120830C8
CTextDraw::Draw #0 CreateDynamicRects (r42 SEH-guarded)
C2DGV::CreateDynRects #0 pText=120830C8
C2DGV::CreateDynRects #0 rectLayouts.size=3
C2DGV::CreateDynRects #0 iter=0 pFontInfo=11F50DC8
CTextDraw::Draw SEH at CreateDynamicRects #1
CTextDraw::Draw #0 CreateDynamicRects done
CInterface::Draw #0 NPD->Draw ok, FPS
CTextDraw::Draw #1 enter pText=00000000
CTextDraw::Draw #1 pView->CreateText
CTextDraw::Draw #1 CreateText returned 12084048
CTextDraw::Draw #1 CreateDynamicRects (r42 SEH-guarded)
C2DGV::CreateDynRects #1 pText=12084048
C2DGV::CreateDynRects #1 rectLayouts.size=0
CTextDraw::Draw #1 CreateDynamicRects done
CInterface::Draw #0 cursor ok, Flush
CInterface::Draw #0 Flush ok
CInterface::Draw #1 pView=178BC120
CInterface::Draw #1 StartNewFrame ok, CWindow::Draw
CWindow::Draw #2 this=175F7800
CWindow::Draw #2 2 children
CWindow::Draw #1 child[0]=1103DE40 Draw
CWindow::Draw #3 this=1103DE40
CWindow::Draw #3 6 children
CInterface::Draw #1 CWindow::Draw ok, NonPublicDemo->Draw
CTextDraw::Draw #2 enter pText=120830C8
CTextDraw::Draw #2 CreateDynamicRects (r42 SEH-guarded)
C2DGV::CreateDynRects #2 pText=120830C8
C2DGV::CreateDynRects #2 rectLayouts.size=3
C2DGV::CreateDynRects #1 iter=0 pFontInfo=11F50DC8
C2DGV::CreateDynRects #2 iter=1 pFontInfo=11F50DC8
C2DGV::CreateDynRects #3 iter=2 pFontInfo=11F50DC8
CTextDraw::Draw #2 CreateDynamicRects done
CInterface::Draw #1 NPD->Draw ok, FPS
CInterface::Draw #1 cursor ok, Flush
CInterface::Draw #1 Flush ok
CWindow::Draw #4 this=175F7800
CWindow::Draw #4 2 children
CWindow::Draw #2 child[0]=1103DE40 Draw
C2DGV::CreateDynRects #4 iter=0 pFontInfo=11F50DC8
C2DGV::CreateDynRects #5 iter=1 pFontInfo=11F50DC8
CWindow::Draw #3 child[0]=1103DE40 Draw
CWindow::Draw #4 child[0]=1103DE40 Draw
CWindow::Draw #5 child[0]=1103DE40 Draw
CWindow::Draw #6 child[0]=1103DE40 Draw
CWindow::Draw #7 child[0]=1103DE40 Draw
CTextDraw::Draw #2 pView->CreateText
CTextDraw::Draw #2 CreateText returned 12082DE0
